<?xml version="1.0" encoding="UTF-8"?>
<testng-results ignored="0" total="1" passed="1" failed="0" skipped="0">
  <reporter-output>
  </reporter-output>
  <suite started-at="2024-12-06T06:39:49Z" name="Default suite" finished-at="2024-12-06T06:42:12Z" duration-ms="142727">
    <groups>
    </groups>
    <test started-at="2024-12-06T06:39:49Z" name="Default test" finished-at="2024-12-06T06:42:12Z" duration-ms="142727">
      <class name="Amazon_TestCase.Amazon_Test">
        <test-method signature="Amazon_TC_01()[pri:0, instance:Amazon_TestCase.Amazon_Test@2c78d320]" started-at="2024-12-06T06:39:49Z" name="Amazon_TC_01" finished-at="2024-12-06T06:42:12Z" duration-ms="142672" status="PASS">
          <reporter-output>
          </reporter-output>
        </test-method> <!-- Amazon_TC_01 -->
      </class> <!-- Amazon_TestCase.Amazon_Test -->
    </test> <!-- Default test -->
  </suite> <!-- Default suite -->
</testng-results>
